This file contains any messages produced by compilers while
running configure, to aid debugging if configure makes a mistake.

It was created by configure, which was
generated by GNU Autoconf 2.61.  Invocation command line was

  $ ./configure 

## --------- ##
## Platform. ##
## --------- ##

hostname = seewalze
uname -m = x86_64
uname -r = 4.13.0-46-generic
uname -s = Linux
uname -v = #51-Ubuntu SMP Tue Jun 12 12:36:29 UTC 2018

/usr/bin/uname -p = unknown
/bin/uname -X     = unknown

/bin/arch              = unknown
/usr/bin/arch -k       = unknown
/usr/convex/getsysinfo = unknown
/usr/bin/hostinfo      = unknown
/bin/machine           = unknown
/usr/bin/oslevel       = unknown
/bin/universe          = unknown

PATH: /usr/local/sbin
PATH: /usr/local/bin
PATH: /usr/sbin
PATH: /usr/bin
PATH: /sbin
PATH: /bin
PATH: /usr/games
PATH: /usr/local/games
PATH: /snap/bin


## ----------- ##
## Core tests. ##
## ----------- ##

configure:1971: checking for a BSD-compatible install
configure:2027: result: /usr/bin/install -c
configure:2038: checking whether build environment is sane
configure:2081: result: yes
configure:2109: checking for a thread-safe mkdir -p
configure:2148: result: /bin/mkdir -p
configure:2161: checking for gawk
configure:2191: result: no
configure:2161: checking for mawk
configure:2177: found /usr/bin/mawk
configure:2188: result: mawk
configure:2199: checking whether make sets $(MAKE)
configure:2220: result: yes
configure:2473: checking for g++
configure:2489: found /usr/bin/g++
configure:2500: result: g++
configure:2531: checking for C++ compiler version
configure:2538: g++ --version >&5
g++ (Ubuntu 7.2.0-8ubuntu3.2) 7.2.0
Copyright (C) 2017 Free Software Foundation, Inc.
This is free software; see the source for copying conditions.  There is NO
warranty; not even for MERCHANTABILITY or FITNESS FOR A PARTICULAR PURPOSE.

configure:2541: $? = 0
configure:2548: g++ -v >&5
Using built-in specs.
COLLECT_GCC=g++
COLLECT_LTO_WRAPPER=/usr/lib/gcc/x86_64-linux-gnu/7/lto-wrapper
OFFLOAD_TARGET_NAMES=nvptx-none
OFFLOAD_TARGET_DEFAULT=1
Target: x86_64-linux-gnu
Configured with: ../src/configure -v --with-pkgversion='Ubuntu 7.2.0-8ubuntu3.2' --with-bugurl=file:///usr/share/doc/gcc-7/README.Bugs --enable-languages=c,ada,c++,go,brig,d,fortran,objc,obj-c++ --prefix=/usr --with-gcc-major-version-only --program-suffix=-7 --program-prefix=x86_64-linux-gnu- --enable-shared --enable-linker-build-id --libexecdir=/usr/lib --without-included-gettext --enable-threads=posix --libdir=/usr/lib --enable-nls --with-sysroot=/ --enable-clocale=gnu --enable-libstdcxx-debug --enable-libstdcxx-time=yes --with-default-libstdcxx-abi=new --enable-gnu-unique-object --disable-vtable-verify --enable-libmpx --enable-plugin --enable-default-pie --with-system-zlib --with-target-system-zlib --enable-objc-gc=auto --enable-multiarch --disable-werror --with-arch-32=i686 --with-abi=m64 --with-multilib-list=m32,m64,mx32 --enable-multilib --with-tune=generic --enable-offload-targets=nvptx-none --without-cuda-driver --enable-checking=release --build=x86_64-linux-gnu --host=x86_64-linux-gnu --target=x86_64-linux-gnu
Thread model: posix
gcc version 7.2.0 (Ubuntu 7.2.0-8ubuntu3.2) 
configure:2551: $? = 0
configure:2558: g++ -V >&5
g++: error: unrecognized command line option '-V'
g++: fatal error: no input files
compilation terminated.
configure:2561: $? = 1
configure:2584: checking for C++ compiler default output file name
configure:2611: g++    conftest.cpp  >&5
configure:2614: $? = 0
configure:2652: result: a.out
configure:2669: checking whether the C++ compiler works
configure:2679: ./a.out
configure:2682: $? = 0
configure:2699: result: yes
configure:2706: checking whether we are cross compiling
configure:2708: result: no
configure:2711: checking for suffix of executables
configure:2718: g++ -o conftest    conftest.cpp  >&5
configure:2721: $? = 0
configure:2745: result: 
configure:2751: checking for suffix of object files
configure:2777: g++ -c   conftest.cpp >&5
configure:2780: $? = 0
configure:2803: result: o
configure:2807: checking whether we are using the GNU C++ compiler
configure:2836: g++ -c   conftest.cpp >&5
configure:2842: $? = 0
configure:2859: result: yes
configure:2864: checking whether g++ accepts -g
configure:2894: g++ -c -g  conftest.cpp >&5
configure:2900: $? = 0
configure:2999: result: yes
configure:3033: checking for style of include used by make
configure:3061: result: GNU
configure:3086: checking dependency style of g++
configure:3177: result: gcc3
configure:3270: checking build system type
configure:3288: result: x86_64-unknown-linux-gnu
configure:3310: checking host system type
configure:3325: result: x86_64-unknown-linux-gnu
configure:3395: checking for gcc
configure:3411: found /usr/bin/gcc
configure:3422: result: gcc
configure:3660: checking for C compiler version
configure:3667: gcc --version >&5
gcc (Ubuntu 7.2.0-8ubuntu3.2) 7.2.0
Copyright (C) 2017 Free Software Foundation, Inc.
This is free software; see the source for copying conditions.  There is NO
warranty; not even for MERCHANTABILITY or FITNESS FOR A PARTICULAR PURPOSE.

configure:3670: $? = 0
configure:3677: gcc -v >&5
Using built-in specs.
COLLECT_GCC=gcc
COLLECT_LTO_WRAPPER=/usr/lib/gcc/x86_64-linux-gnu/7/lto-wrapper
OFFLOAD_TARGET_NAMES=nvptx-none
OFFLOAD_TARGET_DEFAULT=1
Target: x86_64-linux-gnu
Configured with: ../src/configure -v --with-pkgversion='Ubuntu 7.2.0-8ubuntu3.2' --with-bugurl=file:///usr/share/doc/gcc-7/README.Bugs --enable-languages=c,ada,c++,go,brig,d,fortran,objc,obj-c++ --prefix=/usr --with-gcc-major-version-only --program-suffix=-7 --program-prefix=x86_64-linux-gnu- --enable-shared --enable-linker-build-id --libexecdir=/usr/lib --without-included-gettext --enable-threads=posix --libdir=/usr/lib --enable-nls --with-sysroot=/ --enable-clocale=gnu --enable-libstdcxx-debug --enable-libstdcxx-time=yes --with-default-libstdcxx-abi=new --enable-gnu-unique-object --disable-vtable-verify --enable-libmpx --enable-plugin --enable-default-pie --with-system-zlib --with-target-system-zlib --enable-objc-gc=auto --enable-multiarch --disable-werror --with-arch-32=i686 --with-abi=m64 --with-multilib-list=m32,m64,mx32 --enable-multilib --with-tune=generic --enable-offload-targets=nvptx-none --without-cuda-driver --enable-checking=release --build=x86_64-linux-gnu --host=x86_64-linux-gnu --target=x86_64-linux-gnu
Thread model: posix
gcc version 7.2.0 (Ubuntu 7.2.0-8ubuntu3.2) 
configure:3680: $? = 0
configure:3687: gcc -V >&5
gcc: error: unrecognized command line option '-V'
gcc: fatal error: no input files
compilation terminated.
configure:3690: $? = 1
configure:3693: checking whether we are using the GNU C compiler
configure:3722: gcc -c   conftest.c >&5
configure:3728: $? = 0
configure:3745: result: yes
configure:3750: checking whether gcc accepts -g
configure:3780: gcc -c -g  conftest.c >&5
configure:3786: $? = 0
configure:3885: result: yes
configure:3902: checking for gcc option to accept ISO C89
configure:3976: gcc  -c -g -O2  conftest.c >&5
configure:3982: $? = 0
configure:4005: result: none needed
configure:4025: checking dependency style of gcc
configure:4116: result: gcc3
configure:4131: checking for a sed that does not truncate output
configure:4187: result: /bin/sed
configure:4190: checking for grep that handles long lines and -e
configure:4264: result: /bin/grep
configure:4269: checking for egrep
configure:4347: result: /bin/grep -E
configure:4363: checking for ld used by gcc
configure:4430: result: /usr/bin/ld
configure:4439: checking if the linker (/usr/bin/ld) is GNU ld
configure:4454: result: yes
configure:4459: checking for /usr/bin/ld option to reload object files
configure:4466: result: -r
configure:4484: checking for BSD-compatible nm
configure:4533: result: /usr/bin/nm -B
configure:4537: checking whether ln -s works
configure:4541: result: yes
configure:4548: checking how to recognize dependent libraries
configure:4734: result: pass_all
configure:4824: g++ -c -g -O2  conftest.cpp >&5
configure:4827: $? = 0
configure:4980: checking how to run the C preprocessor
configure:5020: gcc -E  conftest.c
configure:5026: $? = 0
configure:5057: gcc -E  conftest.c
conftest.c:10:10: fatal error: ac_nonexistent.h: No such file or directory
 #include <ac_nonexistent.h>
          ^~~~~~~~~~~~~~~~~~
compilation terminated.
configure:5063: $? = 1
configure: failed program was:
| /* confdefs.h.  */
| #define PACKAGE_NAME ""
| #define PACKAGE_TARNAME ""
| #define PACKAGE_VERSION ""
| #define PACKAGE_STRING ""
| #define PACKAGE_BUGREPORT ""
| #define PACKAGE "librds"
| #define VERSION "0.0.1"
| /* end confdefs.h.  */
| #include <ac_nonexistent.h>
configure:5096: result: gcc -E
configure:5125: gcc -E  conftest.c
configure:5131: $? = 0
configure:5162: gcc -E  conftest.c
conftest.c:10:10: fatal error: ac_nonexistent.h: No such file or directory
 #include <ac_nonexistent.h>
          ^~~~~~~~~~~~~~~~~~
compilation terminated.
configure:5168: $? = 1
configure: failed program was:
| /* confdefs.h.  */
| #define PACKAGE_NAME ""
| #define PACKAGE_TARNAME ""
| #define PACKAGE_VERSION ""
| #define PACKAGE_STRING ""
| #define PACKAGE_BUGREPORT ""
| #define PACKAGE "librds"
| #define VERSION "0.0.1"
| /* end confdefs.h.  */
| #include <ac_nonexistent.h>
configure:5206: checking for ANSI C header files
configure:5236: gcc -c -g -O2  conftest.c >&5
configure:5242: $? = 0
configure:5341: gcc -o conftest -g -O2   conftest.c  >&5
configure:5344: $? = 0
configure:5350: ./conftest
configure:5353: $? = 0
configure:5370: result: yes
configure:5394: checking for sys/types.h
configure:5415: gcc -c -g -O2  conftest.c >&5
configure:5421: $? = 0
configure:5437: result: yes
configure:5394: checking for sys/stat.h
configure:5415: gcc -c -g -O2  conftest.c >&5
configure:5421: $? = 0
configure:5437: result: yes
configure:5394: checking for stdlib.h
configure:5415: gcc -c -g -O2  conftest.c >&5
configure:5421: $? = 0
configure:5437: result: yes
configure:5394: checking for string.h
configure:5415: gcc -c -g -O2  conftest.c >&5
configure:5421: $? = 0
configure:5437: result: yes
configure:5394: checking for memory.h
configure:5415: gcc -c -g -O2  conftest.c >&5
configure:5421: $? = 0
configure:5437: result: yes
configure:5394: checking for strings.h
configure:5415: gcc -c -g -O2  conftest.c >&5
configure:5421: $? = 0
configure:5437: result: yes
configure:5394: checking for inttypes.h
configure:5415: gcc -c -g -O2  conftest.c >&5
configure:5421: $? = 0
configure:5437: result: yes
configure:5394: checking for stdint.h
configure:5415: gcc -c -g -O2  conftest.c >&5
configure:5421: $? = 0
configure:5437: result: yes
configure:5394: checking for unistd.h
configure:5415: gcc -c -g -O2  conftest.c >&5
configure:5421: $? = 0
configure:5437: result: yes
configure:5464: checking dlfcn.h usability
configure:5481: gcc -c -g -O2  conftest.c >&5
configure:5487: $? = 0
configure:5501: result: yes
configure:5505: checking dlfcn.h presence
configure:5520: gcc -E  conftest.c
configure:5526: $? = 0
configure:5540: result: yes
configure:5568: checking for dlfcn.h
configure:5576: result: yes
configure:5599: checking how to run the C++ preprocessor
configure:5635: g++ -E  conftest.cpp
configure:5641: $? = 0
configure:5672: g++ -E  conftest.cpp
conftest.cpp:21:10: fatal error: ac_nonexistent.h: No such file or directory
 #include <ac_nonexistent.h>
          ^~~~~~~~~~~~~~~~~~
compilation terminated.
configure:5678: $? = 1
configure: failed program was:
| /* confdefs.h.  */
| #define PACKAGE_NAME ""
| #define PACKAGE_TARNAME ""
| #define PACKAGE_VERSION ""
| #define PACKAGE_STRING ""
| #define PACKAGE_BUGREPORT ""
| #define PACKAGE "librds"
| #define VERSION "0.0.1"
| #define STDC_HEADERS 1
| #define HAVE_SYS_TYPES_H 1
| #define HAVE_SYS_STAT_H 1
| #define HAVE_STDLIB_H 1
| #define HAVE_STRING_H 1
| #define HAVE_MEMORY_H 1
| #define HAVE_STRINGS_H 1
| #define HAVE_INTTYPES_H 1
| #define HAVE_STDINT_H 1
| #define HAVE_UNISTD_H 1
| #define HAVE_DLFCN_H 1
| /* end confdefs.h.  */
| #include <ac_nonexistent.h>
configure:5711: result: g++ -E
configure:5740: g++ -E  conftest.cpp
configure:5746: $? = 0
configure:5777: g++ -E  conftest.cpp
conftest.cpp:21:10: fatal error: ac_nonexistent.h: No such file or directory
 #include <ac_nonexistent.h>
          ^~~~~~~~~~~~~~~~~~
compilation terminated.
configure:5783: $? = 1
configure: failed program was:
| /* confdefs.h.  */
| #define PACKAGE_NAME ""
| #define PACKAGE_TARNAME ""
| #define PACKAGE_VERSION ""
| #define PACKAGE_STRING ""
| #define PACKAGE_BUGREPORT ""
| #define PACKAGE "librds"
| #define VERSION "0.0.1"
| #define STDC_HEADERS 1
| #define HAVE_SYS_TYPES_H 1
| #define HAVE_SYS_STAT_H 1
| #define HAVE_STDLIB_H 1
| #define HAVE_STRING_H 1
| #define HAVE_MEMORY_H 1
| #define HAVE_STRINGS_H 1
| #define HAVE_INTTYPES_H 1
| #define HAVE_STDINT_H 1
| #define HAVE_UNISTD_H 1
| #define HAVE_DLFCN_H 1
| /* end confdefs.h.  */
| #include <ac_nonexistent.h>
configure:5875: checking for g77
configure:5905: result: no
configure:5875: checking for xlf
configure:5905: result: no
configure:5875: checking for f77
configure:5905: result: no
configure:5875: checking for frt
configure:5905: result: no
configure:5875: checking for pgf77
configure:5905: result: no
configure:5875: checking for cf77
configure:5905: result: no
configure:5875: checking for fort77
configure:5905: result: no
configure:5875: checking for fl32
configure:5905: result: no
configure:5875: checking for af77
configure:5905: result: no
configure:5875: checking for xlf90
configure:5905: result: no
configure:5875: checking for f90
configure:5905: result: no
configure:5875: checking for pgf90
configure:5905: result: no
configure:5875: checking for pghpf
configure:5905: result: no
configure:5875: checking for epcf90
configure:5905: result: no
configure:5875: checking for gfortran
configure:5905: result: no
configure:5875: checking for g95
configure:5905: result: no
configure:5875: checking for xlf95
configure:5905: result: no
configure:5875: checking for f95
configure:5905: result: no
configure:5875: checking for fort
configure:5905: result: no
configure:5875: checking for ifort
configure:5905: result: no
configure:5875: checking for ifc
configure:5905: result: no
configure:5875: checking for efc
configure:5905: result: no
configure:5875: checking for pgf95
configure:5905: result: no
configure:5875: checking for lf95
configure:5905: result: no
configure:5875: checking for ftn
configure:5905: result: no
configure:5932: checking for Fortran 77 compiler version
configure:5939:  --version >&5
./configure: line 5940: --version: command not found
configure:5942: $? = 127
configure:5949:  -v >&5
./configure: line 5950: -v: command not found
configure:5952: $? = 127
configure:5959:  -V >&5
./configure: line 5960: -V: command not found
configure:5962: $? = 127
configure:5970: checking whether we are using the GNU Fortran 77 compiler
configure:5989:  -c  conftest.F >&5
./configure: line 5990: -c: command not found
configure:5995: $? = 127
configure: failed program was:
|       program main
| #ifndef __GNUC__
|        choke me
| #endif
| 
|       end
configure:6012: result: no
configure:6018: checking whether  accepts -g
configure:6035:  -c -g conftest.f >&5
./configure: line 6036: -c: command not found
configure:6041: $? = 127
configure: failed program was:
|       program main
| 
|       end
configure:6057: result: no
configure:6086: checking the maximum length of command line arguments
configure:6198: result: 1572864
configure:6210: checking command to parse /usr/bin/nm -B output from gcc object
configure:6315: g++ -c -g -O2  conftest.cpp >&5
configure:6318: $? = 0
configure:6322: /usr/bin/nm -B conftest.o \| sed -n -e 's/^.*[ 	]\([ABCDGIRSTW][ABCDGIRSTW]*\)[ 	][ 	]*\([_A-Za-z][_A-Za-z0-9]*\)$/\1 \2 \2/p' \> conftest.nm
configure:6325: $? = 0
configure:6377: g++ -o conftest -g -O2   conftest.cpp conftstm.o >&5
configure:6380: $? = 0
configure:6418: result: ok
configure:6422: checking for objdir
configure:6437: result: .libs
configure:6529: checking for ar
configure:6545: found /usr/bin/ar
configure:6556: result: ar
configure:6625: checking for ranlib
configure:6641: found /usr/bin/ranlib
configure:6652: result: ranlib
configure:6721: checking for strip
configure:6737: found /usr/bin/strip
configure:6748: result: strip
configure:7346: checking if gcc supports -fno-rtti -fno-exceptions
configure:7364: gcc -c -g -O2  -fno-rtti -fno-exceptions conftest.c >&5
cc1: warning: command line option '-fno-rtti' is valid for C++/ObjC++ but not for C
configure:7368: $? = 0
configure:7381: result: no
configure:7396: checking for gcc option to produce PIC
configure:7628: result: -fPIC
configure:7636: checking if gcc PIC flag -fPIC works
configure:7654: gcc -c -g -O2  -fPIC -DPIC conftest.c >&5
configure:7658: $? = 0
configure:7671: result: yes
configure:7699: checking if gcc static flag -static works
configure:7727: result: yes
configure:7737: checking if gcc supports -c -o file.o
configure:7758: gcc -c -g -O2  -o out/conftest2.o conftest.c >&5
configure:7762: $? = 0
configure:7784: result: yes
configure:7810: checking whether the gcc linker (/usr/bin/ld -m elf_x86_64) supports shared libraries
configure:8791: result: yes
configure:8812: checking whether -lc should be explicitly linked in
configure:8817: gcc -c -g -O2  conftest.c >&5
configure:8820: $? = 0
configure:8835: gcc -shared conftest.o  -v -Wl,-soname -Wl,conftest -o conftest 2\>\&1 \| grep  -lc  \>/dev/null 2\>\&1
configure:8838: $? = 0
configure:8850: result: no
configure:8858: checking dynamic linker characteristics
configure:9472: result: GNU/Linux ld.so
configure:9496: checking how to hardcode library paths into programs
configure:9521: result: immediate
configure:9535: checking whether stripping libraries is possible
configure:9540: result: yes
configure:10342: checking if libtool supports shared libraries
configure:10344: result: yes
configure:10347: checking whether to build shared libraries
configure:10368: result: yes
configure:10371: checking whether to build static libraries
configure:10375: result: yes
configure:10469: creating libtool
configure:11062: checking for ld used by g++
configure:11129: result: /usr/bin/ld -m elf_x86_64
configure:11138: checking if the linker (/usr/bin/ld -m elf_x86_64) is GNU ld
configure:11153: result: yes
configure:11204: checking whether the g++ linker (/usr/bin/ld -m elf_x86_64) supports shared libraries
configure:12150: result: yes
configure:12167: g++ -c -g -O2  conftest.cpp >&5
configure:12170: $? = 0
configure:12326: checking for g++ option to produce PIC
configure:12610: result: -fPIC
configure:12618: checking if g++ PIC flag -fPIC works
configure:12636: g++ -c -g -O2  -fPIC -DPIC conftest.cpp >&5
configure:12640: $? = 0
configure:12653: result: yes
configure:12681: checking if g++ static flag -static works
configure:12709: result: yes
configure:12719: checking if g++ supports -c -o file.o
configure:12740: g++ -c -g -O2  -o out/conftest2.o conftest.cpp >&5
configure:12744: $? = 0
configure:12766: result: yes
configure:12792: checking whether the g++ linker (/usr/bin/ld -m elf_x86_64) supports shared libraries
configure:12821: result: yes
configure:12888: checking dynamic linker characteristics
configure:13450: result: GNU/Linux ld.so
configure:13474: checking how to hardcode library paths into programs
configure:13499: result: immediate
configure:19870: creating ./config.status

## ---------------------- ##
## Running config.status. ##
## ---------------------- ##

This file was extended by config.status, which was
generated by GNU Autoconf 2.61.  Invocation command line was

  CONFIG_FILES    = 
  CONFIG_HEADERS  = 
  CONFIG_LINKS    = 
  CONFIG_COMMANDS = 
  $ ./config.status 

on seewalze

config.status:665: creating Makefile
config.status:665: creating src/Makefile
config.status:665: creating config.h
config.status:892: config.h is unchanged
config.status:939: executing depfiles commands

## ---------------- ##
## Cache variables. ##
## ---------------- ##

ac_cv_build=x86_64-unknown-linux-gnu
ac_cv_c_compiler_gnu=yes
ac_cv_cxx_compiler_gnu=yes
ac_cv_env_CCC_set=
ac_cv_env_CCC_value=
ac_cv_env_CC_set=
ac_cv_env_CC_value=
ac_cv_env_CFLAGS_set=
ac_cv_env_CFLAGS_value=
ac_cv_env_CPPFLAGS_set=
ac_cv_env_CPPFLAGS_value=
ac_cv_env_CPP_set=
ac_cv_env_CPP_value=
ac_cv_env_CXXCPP_set=
ac_cv_env_CXXCPP_value=
ac_cv_env_CXXFLAGS_set=
ac_cv_env_CXXFLAGS_value=
ac_cv_env_CXX_set=
ac_cv_env_CXX_value=
ac_cv_env_F77_set=
ac_cv_env_F77_value=
ac_cv_env_FFLAGS_set=
ac_cv_env_FFLAGS_value=
ac_cv_env_LDFLAGS_set=
ac_cv_env_LDFLAGS_value=
ac_cv_env_LIBS_set=
ac_cv_env_LIBS_value=
ac_cv_env_build_alias_set=
ac_cv_env_build_alias_value=
ac_cv_env_host_alias_set=
ac_cv_env_host_alias_value=
ac_cv_env_target_alias_set=
ac_cv_env_target_alias_value=
ac_cv_f77_compiler_gnu=no
ac_cv_header_dlfcn_h=yes
ac_cv_header_inttypes_h=yes
ac_cv_header_memory_h=yes
ac_cv_header_stdc=yes
ac_cv_header_stdint_h=yes
ac_cv_header_stdlib_h=yes
ac_cv_header_string_h=yes
ac_cv_header_strings_h=yes
ac_cv_header_sys_stat_h=yes
ac_cv_header_sys_types_h=yes
ac_cv_header_unistd_h=yes
ac_cv_host=x86_64-unknown-linux-gnu
ac_cv_objext=o
ac_cv_path_EGREP='/bin/grep -E'
ac_cv_path_GREP=/bin/grep
ac_cv_path_install='/usr/bin/install -c'
ac_cv_path_mkdir=/bin/mkdir
ac_cv_prog_AWK=mawk
ac_cv_prog_CPP='gcc -E'
ac_cv_prog_CXXCPP='g++ -E'
ac_cv_prog_ac_ct_AR=ar
ac_cv_prog_ac_ct_CC=gcc
ac_cv_prog_ac_ct_CXX=g++
ac_cv_prog_ac_ct_RANLIB=ranlib
ac_cv_prog_ac_ct_STRIP=strip
ac_cv_prog_cc_c89=
ac_cv_prog_cc_g=yes
ac_cv_prog_cxx_g=yes
ac_cv_prog_f77_g=no
ac_cv_prog_make_make_set=yes
am_cv_CC_dependencies_compiler_type=gcc3
am_cv_CXX_dependencies_compiler_type=gcc3
lt_cv_deplibs_check_method=pass_all
lt_cv_file_magic_cmd='$MAGIC_CMD'
lt_cv_file_magic_test_file=
lt_cv_ld_reload_flag=-r
lt_cv_objdir=.libs
lt_cv_path_LD=/usr/bin/ld
lt_cv_path_LDCXX='/usr/bin/ld -m elf_x86_64'
lt_cv_path_NM='/usr/bin/nm -B'
lt_cv_path_SED=/bin/sed
lt_cv_prog_compiler_c_o=yes
lt_cv_prog_compiler_c_o_CXX=yes
lt_cv_prog_compiler_pic_works=yes
lt_cv_prog_compiler_pic_works_CXX=yes
lt_cv_prog_compiler_rtti_exceptions=no
lt_cv_prog_compiler_static_works=yes
lt_cv_prog_compiler_static_works_CXX=yes
lt_cv_prog_gnu_ld=yes
lt_cv_prog_gnu_ldcxx=yes
lt_cv_sys_global_symbol_pipe='sed -n -e '\''s/^.*[ 	]\([ABCDGIRSTW][ABCDGIRSTW]*\)[ 	][ 	]*\([_A-Za-z][_A-Za-z0-9]*\)$/\1 \2 \2/p'\'''
lt_cv_sys_global_symbol_to_c_name_address='sed -n -e '\''s/^: \([^ ]*\) $/  {\"\1\", (lt_ptr) 0},/p'\'' -e '\''s/^[BCDEGRST] \([^ ]*\) \([^ ]*\)$/  {"\2", (lt_ptr) \&\2},/p'\'''
lt_cv_sys_global_symbol_to_cdecl='sed -n -e '\''s/^. .* \(.*\)$/extern int \1;/p'\'''
lt_cv_sys_lib_dlsearch_path_spec='/lib /usr/lib /usr/lib/x86_64-linux-gnu/libfakeroot /lib/i386-linux-gnu /usr/lib/i386-linux-gnu /lib/i686-linux-gnu /usr/lib/i686-linux-gnu /usr/local/lib /lib/x86_64-linux-gnu /usr/lib/x86_64-linux-gnu /usr/lib/x86_64-linux-gnu/mesa-egl /usr/lib/x86_64-linux-gnu/mesa /lib32 /usr/lib32 '
lt_cv_sys_lib_search_path_spec='/usr/lib/gcc/x86_64-linux-gnu/7 /usr/lib/x86_64-linux-gnu /usr/lib /lib/x86_64-linux-gnu /lib'
lt_cv_sys_max_cmd_len=1572864
lt_lt_cv_prog_compiler_c_o='"yes"'
lt_lt_cv_prog_compiler_c_o_CXX='"yes"'
lt_lt_cv_sys_global_symbol_pipe='"sed -n -e '\''s/^.*[ 	]\\([ABCDGIRSTW][ABCDGIRSTW]*\\)[ 	][ 	]*\\([_A-Za-z][_A-Za-z0-9]*\\)\$/\\1 \\2 \\2/p'\''"'
lt_lt_cv_sys_global_symbol_to_c_name_address='"sed -n -e '\''s/^: \\([^ ]*\\) \$/  {\\\"\\1\\\", (lt_ptr) 0},/p'\'' -e '\''s/^[BCDEGRST] \\([^ ]*\\) \\([^ ]*\\)\$/  {\"\\2\", (lt_ptr) \\&\\2},/p'\''"'
lt_lt_cv_sys_global_symbol_to_cdecl='"sed -n -e '\''s/^. .* \\(.*\\)\$/extern int \\1;/p'\''"'

## ----------------- ##
## Output variables. ##
## ----------------- ##

ACLOCAL='${SHELL} /home/spark/TMP/RDS/rdsd/rdsd/trunk/librds/missing --run aclocal-1.10'
AMDEPBACKSLASH='\'
AMDEP_FALSE='#'
AMDEP_TRUE=''
AMTAR='${SHELL} /home/spark/TMP/RDS/rdsd/rdsd/trunk/librds/missing --run tar'
AR='ar'
AUTOCONF='${SHELL} /home/spark/TMP/RDS/rdsd/rdsd/trunk/librds/missing --run autoconf'
AUTOHEADER='${SHELL} /home/spark/TMP/RDS/rdsd/rdsd/trunk/librds/missing --run autoheader'
AUTOMAKE='${SHELL} /home/spark/TMP/RDS/rdsd/rdsd/trunk/librds/missing --run automake-1.10'
AWK='mawk'
CC='gcc'
CCDEPMODE='depmode=gcc3'
CFLAGS='-g -O2'
CPP='gcc -E'
CPPFLAGS=''
CXX='g++'
CXXCPP='g++ -E'
CXXDEPMODE='depmode=gcc3'
CXXFLAGS='-g -O2'
CYGPATH_W='echo'
DEFS='-DHAVE_CONFIG_H'
DEPDIR='.deps'
DSYMUTIL=''
ECHO='echo'
ECHO_C=''
ECHO_N='-n'
ECHO_T=''
EGREP='/bin/grep -E'
EXEEXT=''
F77=''
FFLAGS=''
GREP='/bin/grep'
INSTALL_DATA='${INSTALL} -m 644'
INSTALL_PROGRAM='${INSTALL}'
INSTALL_SCRIPT='${INSTALL}'
INSTALL_STRIP_PROGRAM='$(install_sh) -c -s'
LDFLAGS=''
LIBOBJS=''
LIBS=''
LIBTOOL='$(SHELL) $(top_builddir)/libtool'
LN_S='ln -s'
LTLIBOBJS=''
MAKEINFO='${SHELL} /home/spark/TMP/RDS/rdsd/rdsd/trunk/librds/missing --run makeinfo'
NMEDIT=''
OBJEXT='o'
PACKAGE='librds'
PACKAGE_BUGREPORT=''
PACKAGE_NAME=''
PACKAGE_STRING=''
PACKAGE_TARNAME=''
PACKAGE_VERSION=''
PATH_SEPARATOR=':'
RANLIB='ranlib'
SED='/bin/sed'
SET_MAKE=''
SHELL='/bin/bash'
STRIP='strip'
VERSION='0.0.1'
ac_ct_CC='gcc'
ac_ct_CXX='g++'
ac_ct_F77=''
am__fastdepCC_FALSE='#'
am__fastdepCC_TRUE=''
am__fastdepCXX_FALSE='#'
am__fastdepCXX_TRUE=''
am__include='include'
am__isrc=''
am__leading_dot='.'
am__quote=''
am__tar='${AMTAR} chof - "$$tardir"'
am__untar='${AMTAR} xf -'
bindir='${exec_prefix}/bin'
build='x86_64-unknown-linux-gnu'
build_alias=''
build_cpu='x86_64'
build_os='linux-gnu'
build_vendor='unknown'
datadir='${datarootdir}'
datarootdir='${prefix}/share'
docdir='${datarootdir}/doc/${PACKAGE}'
dvidir='${docdir}'
exec_prefix='${prefix}'
host='x86_64-unknown-linux-gnu'
host_alias=''
host_cpu='x86_64'
host_os='linux-gnu'
host_vendor='unknown'
htmldir='${docdir}'
includedir='${prefix}/include'
infodir='${datarootdir}/info'
install_sh='$(SHELL) /home/spark/TMP/RDS/rdsd/rdsd/trunk/librds/install-sh'
libdir='${exec_prefix}/lib'
libexecdir='${exec_prefix}/libexec'
localedir='${datarootdir}/locale'
localstatedir='${prefix}/var'
mandir='${datarootdir}/man'
mkdir_p='/bin/mkdir -p'
oldincludedir='/usr/include'
pdfdir='${docdir}'
prefix='/usr/local'
program_transform_name='s,x,x,'
psdir='${docdir}'
sbindir='${exec_prefix}/sbin'
sharedstatedir='${prefix}/com'
sysconfdir='${prefix}/etc'
target_alias=''

## ----------- ##
## confdefs.h. ##
## ----------- ##

#define PACKAGE_NAME ""
#define PACKAGE_TARNAME ""
#define PACKAGE_VERSION ""
#define PACKAGE_STRING ""
#define PACKAGE_BUGREPORT ""
#define PACKAGE "librds"
#define VERSION "0.0.1"
#define STDC_HEADERS 1
#define HAVE_SYS_TYPES_H 1
#define HAVE_SYS_STAT_H 1
#define HAVE_STDLIB_H 1
#define HAVE_STRING_H 1
#define HAVE_MEMORY_H 1
#define HAVE_STRINGS_H 1
#define HAVE_INTTYPES_H 1
#define HAVE_STDINT_H 1
#define HAVE_UNISTD_H 1
#define HAVE_DLFCN_H 1

configure: exit 0
